<?xml version="1.0" encoding="UTF-8"?>
<!-- Generated by org.testng.reporters.JUnitReportReporter -->
<testsuite hostname="worksoft-zw61" name="TestCases.OTCOMPriceVerification" tests="1" failures="0" timestamp="15 Mar 2019 08:18:26 GMT" time="258.975" errors="0">
  <testcase name="startBrowser" time="258.975" classname="TestCases.OTCOMPriceVerification"/>
</testsuite> <!-- TestCases.OTCOMPriceVerification -->
