<?xml version="1.0" encoding="UTF-8"?>
<!-- Generated by org.testng.reporters.JUnitReportReporter -->
<testsuite hostname="worksoft-zw61" name="PandGApplicationTestCases.OTCOM_PriceVerification" tests="1" failures="0" timestamp="12 Mar 2019 11:40:28 GMT" time="450.796" errors="0">
  <testcase name="startBrowser" time="450.796" classname="PandGApplicationTestCases.OTCOM_PriceVerification"/>
</testsuite> <!-- PandGApplicationTestCases.OTCOM_PriceVerification -->
