<?xml version="1.0" encoding="UTF-8"?>
<!-- Generated by org.testng.reporters.JUnitReportReporter -->
<testsuite hostname="worksoft-zw61" name="PandGApplicationTestCases.OTCOM_PriceVerification" tests="1" failures="0" timestamp="11 Mar 2019 13:27:17 GMT" time="70.961" errors="0">
  <testcase name="startBrowser" time="70.961" classname="PandGApplicationTestCases.OTCOM_PriceVerification"/>
</testsuite> <!-- PandGApplicationTestCases.OTCOM_PriceVerification -->
