<?xml version="1.0" encoding="UTF-8"?>
<!-- Generated by org.testng.reporters.JUnitReportReporter -->
<testsuite hostname="worksoft-zw61" name="PandGApplicationTestCases.HomePageTest" tests="1" failures="0" timestamp="6 Mar 2019 07:00:50 GMT" time="28.368" errors="0">
  <testcase name="startBrowser" time="28.368" classname="PandGApplicationTestCases.HomePageTest"/>
</testsuite> <!-- PandGApplicationTestCases.HomePageTest -->
