<?xml version="1.0" encoding="UTF-8"?>
<!-- Generated by org.testng.reporters.JUnitReportReporter -->
<testsuite hostname="worksoft-zw61" name="TestCases.OTCOMPriceVerification" tests="1" failures="0" timestamp="14 Mar 2019 10:30:20 GMT" time="307.712" errors="0">
  <testcase name="startBrowser" time="307.712" classname="TestCases.OTCOMPriceVerification"/>
</testsuite> <!-- TestCases.OTCOMPriceVerification -->
