<?xml version="1.0" encoding="UTF-8"?>
<!-- Generated by org.testng.reporters.JUnitReportReporter -->
<testsuite hostname="worksoft-zw61" name="PandGApplicationTestCases.OTCOM_PriceVerification" tests="1" failures="0" timestamp="11 Mar 2019 12:03:14 GMT" time="72.398" errors="0">
  <testcase name="startBrowser" time="72.398" classname="PandGApplicationTestCases.OTCOM_PriceVerification"/>
</testsuite> <!-- PandGApplicationTestCases.OTCOM_PriceVerification -->
