<?xml version="1.0" encoding="UTF-8"?>
<!-- Generated by org.testng.reporters.JUnitReportReporter -->
<testsuite hostname="worksoft-zw61" name="PandGApplicationTestCases.OTCOM_PriceVerification" tests="1" failures="0" timestamp="13 Mar 2019 09:14:43 GMT" time="263.391" errors="0">
  <testcase name="startBrowser" time="263.391" classname="PandGApplicationTestCases.OTCOM_PriceVerification"/>
</testsuite> <!-- PandGApplicationTestCases.OTCOM_PriceVerification -->
