<?xml version="1.0" encoding="UTF-8"?>
<!-- Generated by org.testng.reporters.JUnitReportReporter -->
<testsuite hostname="worksoft-zw61" name="TestCases.CISCISE_SFPharma_Login" tests="1" failures="0" timestamp="11 Apr 2019 06:02:02 GMT" time="112.665" errors="0">
  <testcase name="CISCISE_SFPharma_Login" time="112.665" classname="TestCases.CISCISE_SFPharma_Login"/>
</testsuite> <!-- TestCases.CISCISE_SFPharma_Login -->
